<?xml version="1.0" encoding="UTF-8"?>
<!-- Generated by org.testng.reporters.JUnitReportReporter -->
<testsuite hostname="LAPTOP-A9I32LNM" failures="0" tests="1" name="allPageTestIng.Home_Page_Testing" time="14.882" errors="0" timestamp="2024-11-11T22:06:30 EST" skipped="0">
  <testcase classname="allPageTestIng.Home_Page_Testing" name="clickAboutUsTest" time="14.882"/>
  <system-out/>
</testsuite> <!-- allPageTestIng.Home_Page_Testing -->
