<?xml version="1.0" encoding="UTF-8"?>
<!-- Generated by org.testng.reporters.JUnitReportReporter -->
<testsuite hostname="LAPTOP-A9I32LNM" failures="0" tests="1" name="allPageTestIng.HomePageTesting" time="136.893" errors="0" timestamp="2024-11-30T00:28:35 EST" skipped="0">
  <testcase classname="allPageTestIng.HomePageTesting" name="clickAutomationEnrollNowtest" time="136.893"/>
  <system-out>
Sleeping ... zZz 2000<br> [[ChromeDriver: chrome on windows (4c95eb742a135053d00f9bd0c7105754)] -> id: login-link]<--------> has been clicked<br> Sleeping ... zZz 2000<br> Sleeping ... zZz 2000<br> [[ChromeDriver: chrome on windows (4c95eb742a135053d00f9bd0c7105754)] -> xpath: //input[@id='emails' and @class='form-control form-control-lg']]<--------> has been clicked<br> Sleeping ... zZz 2000<br> Sleeping ... zZz 2000<br> [[ChromeDriver: chrome on windows (4c95eb742a135053d00f9bd0c7105754)] -> xpath: //*[@id='password' and @class='form-control form-control-lg']]<--------> has been clicked<br> Sleeping ... zZz 2000<br> Sleeping ... zZz 2000<br> Proxy element for: DefaultElementLocator 'By.xpath: //*[@id='login' and@class='btn btn-lg px-5']'<--------> has been clicked<br> Sleeping ... zZz 3000<br> [[ChromeDriver: chrome on windows (4c95eb742a135053d00f9bd0c7105754)] -> xpath: //span[text()='Automation']]<--------> has been clicked<br> Sleeping ... zZz 2000<br> Sleeping ... zZz 3000<br> [[ChromeDriver: chrome on windows (4c95eb742a135053d00f9bd0c7105754)] -> xpath: //a[text()='Enroll Now']]<--------> has been clicked<br> Total Windows Opened: 2<br>  The Window moved to --> 0D4D04BA3F75A4344FC190383AB19327<br> Sleeping ... zZz 2000<br> [[ChromeDriver: chrome on windows (4c95eb742a135053d00f9bd0c7105754)] -> xpath: //input[@name='f_name']]<--------> has been clicked<br> Sleeping ... zZz 2000<br> Shuvo <-----> has been put into <-----> [[ChromeDriver: chrome on windows (4c95eb742a135053d00f9bd0c7105754)] -> xpath: //input[@name='f_name']] and then clicked by Enter Key<br> Sleeping ... zZz 2000<br> M <-----> has been put into <-----> [[ChromeDriver: chrome on windows (4c95eb742a135053d00f9bd0c7105754)] -> xpath: //input[@name='m_name']] and then clicked by Enter Key<br> Sleeping ... zZz 2000<br> Mirza <-----> has been put into <-----> [[ChromeDriver: chrome on windows (4c95eb742a135053d00f9bd0c7105754)] -> xpath: //input[@name='l_name' and @class='form-control']]<br> Sleeping ... zZz 2000<br> a Student is present in the dropdpwn<br> Sleeping ... zZz 2000<br> a Staff is present in the dropdpwn<br> Sleeping ... zZz 2000<br> Employed is present in the dropdpwn<br> Sleeping ... zZz 2000<br> Unemployed is present in the dropdpwn<br> Sleeping ... zZz 2000<br> Other is present in the dropdpwn<br> Sleeping ... zZz 2000<br> Total Element: 5 is present in the dropdown<br> Sleeping ... zZz 2000<br> a Student has been selected from the dropdown of ---> [[ChromeDriver: chrome on windows (4c95eb742a135053d00f9bd0c7105754)] -> xpath: //select[@name='i_am']]<br> Sleeping ... zZz 2000<br> Python is present in the dropdpwn<br> Sleeping ... zZz 2000<br> Django is present in the dropdpwn<br> Sleeping ... zZz 2000<br> Total Element: 2 is present in the dropdown<br> Sleeping ... zZz 2000<br> Python has been selected from the dropdown of ---> [[ChromeDriver: chrome on windows (4c95eb742a135053d00f9bd0c7105754)] -> xpath: //*[@name='course_wish_to_enroll' and @class='form-control']]<br> Sleeping ... zZz 2000<br> 9293306564 <-----> has been put into <-----> [[ChromeDriver: chrome on windows (4c95eb742a135053d00f9bd0c7105754)] -> xpath: //input[@name='phone']] and then clicked by Enter Key<br> Sleeping ... zZz 2000<br> MirzaShuvo79@gmail.com <-----> has been put into <-----> [[ChromeDriver: chrome on windows (4c95eb742a135053d00f9bd0c7105754)] -> xpath: //input[@id='id_email' and @name='email']] and then clicked by Enter Key<br> Sleeping ... zZz 2000<br> Muktar2024$ <-----> has been put into <-----> [[ChromeDriver: chrome on windows (4c95eb742a135053d00f9bd0c7105754)] -> xpath: //input[@id='id_password']] and then clicked by Enter Key<br> Sleeping ... zZz 2000<br> Male has been selected from the dropdown of ---> [[ChromeDriver: chrome on windows (4c95eb742a135053d00f9bd0c7105754)] -> xpath: //select[@id='id_gender']]<br> Sleeping ... zZz 2000<br> Screenshot cannot be captured<br> Sleeping ... zZz 2000<br> 1989 has been selected from the dropdown of ---> [[ChromeDriver: chrome on windows (4c95eb742a135053d00f9bd0c7105754)] -> xpath: //select[@name='birth_year']]<br> Sleeping ... zZz 2000<br> December has been selected from the dropdown of ---> [[ChromeDriver: chrome on windows (4c95eb742a135053d00f9bd0c7105754)] -> xpath: //select[@name='birth_month']]<br> Sleeping ... zZz 2000<br> 16 <-----> has been put into <-----> [[ChromeDriver: chrome on windows (4c95eb742a135053d00f9bd0c7105754)] -> xpath: //select[@name='birth_date']] and then clicked by Enter Key<br> Sleeping ... zZz 2000<br> 2268 Seward Ave <-----> has been put into <-----> [[ChromeDriver: chrome on windows (4c95eb742a135053d00f9bd0c7105754)] -> xpath: //input[@name='home_address_line_1']] and then clicked by Enter Key<br> Sleeping ... zZz 2000<br> Apt 3 <-----> has been put into <-----> [[ChromeDriver: chrome on windows (4c95eb742a135053d00f9bd0c7105754)] -> xpath: //input[@name='home_address_line_2']] and then clicked by Enter Key<br> Sleeping ... zZz 2000<br> Bronx <-----> has been put into <-----> [[ChromeDriver: chrome on windows (4c95eb742a135053d00f9bd0c7105754)] -> xpath: //input[@id='id_city']] and then clicked by Enter Key<br> Sleeping ... zZz 2000<br> New York <-----> has been put into <-----> [[ChromeDriver: chrome on windows (4c95eb742a135053d00f9bd0c7105754)] -> xpath: //select[@id='id_state']] and then clicked by Enter Key<br> Sleeping ... zZz 2000<br> 10473 <-----> has been put into <-----> [[ChromeDriver: chrome on windows (4c95eb742a135053d00f9bd0c7105754)] -> xpath: //input[@name='zip_code']] and then clicked by Enter Key<br> Sleeping ... zZz 2000<br> Citizen <-----> has been put into <-----> [[ChromeDriver: chrome on windows (4c95eb742a135053d00f9bd0c7105754)] -> xpath: //select[@name='immigration_status']] and then clicked by Enter Key<br> Sleeping ... zZz 2000<br> 24th Jan 2013 <-----> has been put into <-----> [[ChromeDriver: chrome on windows (4c95eb742a135053d00f9bd0c7105754)] -> xpath: //input[@name='arrival_date']] and then clicked by Enter Key<br> Sleeping ... zZz 2000<br> 9293306564 <-----> has been put into <-----> [[ChromeDriver: chrome on windows (4c95eb742a135053d00f9bd0c7105754)] -> xpath: //input[@id='id_emergency_contact']] and then clicked by Enter Key<br> Sleeping ... zZz 2000<br> Friends <-----> has been put into <-----> [[ChromeDriver: chrome on windows (4c95eb742a135053d00f9bd0c7105754)] -> xpath: //input[@id='id_know_us']] and then clicked by Enter Key<br> Sleeping ... zZz 2000<br> Graduate <-----> has been put into <-----> [[ChromeDriver: chrome on windows (4c95eb742a135053d00f9bd0c7105754)] -> xpath: //select[@id='id_highest_education']] and then clicked by Enter Key<br> Sleeping ... zZz 2000<br> Bangladesh <-----> has been put into <-----> [[ChromeDriver: chrome on windows (4c95eb742a135053d00f9bd0c7105754)] -> xpath: //select[@id='id_country_of_origin']] and then clicked by Enter Key<br> Sleeping ... zZz 2000<br> English <-----> has been put into <-----> [[ChromeDriver: chrome on windows (4c95eb742a135053d00f9bd0c7105754)] -> xpath: //select[@id='id_primary_language']] and then clicked by Enter Key<br> Sleeping ... zZz 2000<br> Shuvo m Mirza <-----> has been put into <-----> [[ChromeDriver: chrome on windows (4c95eb742a135053d00f9bd0c7105754)] -> xpath: //input[@id='id_sign_by_name']] and then clicked by Enter Key<br> Sleeping ... zZz 2000<br> [[ChromeDriver: chrome on windows (4c95eb742a135053d00f9bd0c7105754)] -> xpath: //input[@id='is_agree']]<--------> has been clicked<br> Sleeping ... zZz 2000<br>  </system-out>
</testsuite> <!-- allPageTestIng.HomePageTesting -->
